<?xml version="1.0" encoding="UTF-8"?>
<!-- Generated by org.testng.reporters.JUnitXMLReporter -->
<testsuite hostname="DESKTOP-QAJA2CC" name="Default test" tests="3" failures="0" timestamp="22 Jan 2021 14:19:54 GMT" time="8.964" errors="0">
  <testcase name="getCapitalInfo_negative_empty" time="3.498" classname="tests.Capital"/>
  <testcase name="getCapitalInfo_negative_withcountryname" time="2.672" classname="tests.Capital"/>
  <testcase name="getCapitalInfo_positive" time="2.765" classname="tests.Capital"/>
</testsuite> <!-- Default test -->
